# JRE version: Java(TM) SE Runtime Environment (7.0_79-b15) (build 1.7.0_79-b15)
# Java VM: Java HotSpot(TM) 64-Bit Server VM (24.79-b02 mixed mode windows-amd64 compressed oops)
Heap
 PSYoungGen      total 233472K, used 112311K [0x00000000eaa80000, 0x0000000100000000, 0x0000000100000000)
  eden space 117248K, 95% used [0x00000000eaa80000,0x00000000f182de98,0x00000000f1d00000)
  from space 116224K, 0% used [0x00000000f8e80000,0x00000000f8e80000,0x0000000100000000)
  to   space 116224K, 0% used [0x00000000f1d00000,0x00000000f1d00000,0x00000000f8e80000)
 ParOldGen       total 698880K, used 677616K [0x00000000c0000000, 0x00000000eaa80000, 0x00000000eaa80000)
  object space 698880K, 96% used [0x00000000c0000000,0x00000000e95bc268,0x00000000eaa80000)
 PSPermGen       total 21504K, used 6217K [0x00000000bae00000, 0x00000000bc300000, 0x00000000c0000000)
  object space 21504K, 28% used [0x00000000bae00000,0x00000000bb4127a0,0x00000000bc300000)
GC Heap History (10 events):
Event: 27.283 GC heap before
{Heap before GC invocations=58 (full 35):
 PSYoungGen      total 234496K, used 129536K [0x00000000eaa80000, 0x0000000100000000, 0x0000000100000000)
  eden space 129536K, 100% used [0x00000000eaa80000,0x00000000f2900000,0x00000000f2900000)
  from space 104960K, 0% used [0x00000000f2900000,0x00000000f2900000,0x00000000f8f80000)
  to   space 105472K, 0% used [0x00000000f9900000,0x00000000f9900000,0x0000000100000000)
 ParOldGen       total 478720K, used 478622K [0x00000000c0000000, 0x00000000dd380000, 0x00000000eaa80000)
  object space 478720K, 99% used [0x00000000c0000000,0x00000000dd367928,0x00000000dd380000)
 PSPermGen       total 21504K, used 6217K [0x00000000bae00000, 0x00000000bc300000, 0x00000000c0000000)
  object space 21504K, 28% used [0x00000000bae00000,0x00000000bb4126a0,0x00000000bc300000)
Event: 27.698 GC heap after
Heap after GC invocations=58 (full 35):
 PSYoungGen      total 234496K, used 129535K [0x00000000eaa80000, 0x0000000100000000, 0x0000000100000000)
  eden space 129536K, 99% used [0x00000000eaa80000,0x00000000f28ffde0,0x00000000f2900000)
  from space 104960K, 0% used [0x00000000f2900000,0x00000000f2900000,0x00000000f8f80000)
  to   space 105472K, 0% used [0x00000000f9900000,0x00000000f9900000,0x0000000100000000)
 ParOldGen       total 698880K, used 478599K [0x00000000c0000000, 0x00000000eaa80000, 0x00000000eaa80000)
  object space 698880K, 68% used [0x00000000c0000000,0x00000000dd361ca0,0x00000000eaa80000)
 PSPermGen       total 21504K, used 6217K [0x00000000bae00000, 0x00000000bc300000, 0x00000000c0000000)
  object space 21504K, 28% used [0x00000000bae00000,0x00000000bb4126a0,0x00000000bc300000)
}
Event: 27.698 GC heap before
{Heap before GC invocations=59 (full 35):
 PSYoungGen      total 234496K, used 129536K [0x00000000eaa80000, 0x0000000100000000, 0x0000000100000000)
  eden space 129536K, 100% used [0x00000000eaa80000,0x00000000f2900000,0x00000000f2900000)
  from space 104960K, 0% used [0x00000000f2900000,0x00000000f2900000,0x00000000f8f80000)
  to   space 105472K, 0% used [0x00000000f9900000,0x00000000f9900000,0x0000000100000000)
 ParOldGen       total 698880K, used 478625K [0x00000000c0000000, 0x00000000eaa80000, 0x00000000eaa80000)
  object space 698880K, 68% used [0x00000000c0000000,0x00000000dd368710,0x00000000eaa80000)
 PSPermGen       total 21504K, used 6217K [0x00000000bae00000, 0x00000000bc300000, 0x00000000c0000000)
  object space 21504K, 28% used [0x00000000bae00000,0x00000000bb4126a0,0x00000000bc300000)
Event: 27.802 GC heap after
Heap after GC invocations=59 (full 35):
 PSYoungGen      total 222720K, used 105456K [0x00000000eaa80000, 0x0000000100000000, 0x0000000100000000)
  eden space 117248K, 0% used [0x00000000eaa80000,0x00000000eaa80000,0x00000000f1d00000)
  from space 105472K, 99% used [0x00000000f9900000,0x00000000ffffc198,0x0000000100000000)
  to   space 116224K, 0% used [0x00000000f1d00000,0x00000000f1d00000,0x00000000f8e80000)
 ParOldGen       total 698880K, used 504641K [0x00000000c0000000, 0x00000000eaa80000, 0x00000000eaa80000)
  object space 698880K, 72% used [0x00000000c0000000,0x00000000decd0710,0x00000000eaa80000)
 PSPermGen       total 21504K, used 6217K [0x00000000bae00000, 0x00000000bc300000, 0x00000000c0000000)
  object space 21504K, 28% used [0x00000000bae00000,0x00000000bb4126a0,0x00000000bc300000)
}
Event: 27.853 GC heap before
{Heap before GC invocations=60 (full 35):
 PSYoungGen      total 222720K, used 222704K [0x00000000eaa80000, 0x0000000100000000, 0x0000000100000000)
  eden space 117248K, 100% used [0x00000000eaa80000,0x00000000f1d00000,0x00000000f1d00000)
  from space 105472K, 99% used [0x00000000f9900000,0x00000000ffffc198,0x0000000100000000)
  to   space 116224K, 0% used [0x00000000f1d00000,0x00000000f1d00000,0x00000000f8e80000)
 ParOldGen       total 698880K, used 504641K [0x00000000c0000000, 0x00000000eaa80000, 0x00000000eaa80000)
  object space 698880K, 72% used [0x00000000c0000000,0x00000000decd0710,0x00000000eaa80000)
 PSPermGen       total 21504K, used 6217K [0x00000000bae00000, 0x00000000bc300000, 0x00000000c0000000)
  object space 21504K, 28% used [0x00000000bae00000,0x00000000bb4126a0,0x00000000bc300000)
Event: 27.930 GC heap after
Heap after GC invocations=60 (full 35):
 PSYoungGen      total 233472K, used 58398K [0x00000000eaa80000, 0x0000000100000000, 0x0000000100000000)
  eden space 117248K, 0% used [0x00000000eaa80000,0x00000000eaa80000,0x00000000f1d00000)
  from space 116224K, 50% used [0x00000000f1d00000,0x00000000f5607870,0x00000000f8e80000)
  to   space 116224K, 0% used [0x00000000f8e80000,0x00000000f8e80000,0x0000000100000000)
 ParOldGen       total 698880K, used 610575K [0x00000000c0000000, 0x00000000eaa80000, 0x00000000eaa80000)
  object space 698880K, 87% used [0x00000000c0000000,0x00000000e5443f68,0x00000000eaa80000)
 PSPermGen       total 21504K, used 6217K [0x00000000bae00000, 0x00000000bc300000, 0x00000000c0000000)
  object space 21504K, 28% used [0x00000000bae00000,0x00000000bb4126a0,0x00000000bc300000)
}
Event: 28.183 GC heap before
{Heap before GC invocations=61 (full 35):
 PSYoungGen      total 233472K, used 175646K [0x00000000eaa80000, 0x0000000100000000, 0x0000000100000000)
  eden space 117248K, 100% used [0x00000000eaa80000,0x00000000f1d00000,0x00000000f1d00000)
  from space 116224K, 50% used [0x00000000f1d00000,0x00000000f5607870,0x00000000f8e80000)
  to   space 116224K, 0% used [0x00000000f8e80000,0x00000000f8e80000,0x0000000100000000)
 ParOldGen       total 698880K, used 610575K [0x00000000c0000000, 0x00000000eaa80000, 0x00000000eaa80000)
  object space 698880K, 87% used [0x00000000c0000000,0x00000000e5443f68,0x00000000eaa80000)
 PSPermGen       total 21504K, used 6217K [0x00000000bae00000, 0x00000000bc300000, 0x00000000c0000000)
  object space 21504K, 28% used [0x00000000bae00000,0x00000000bb4127a0,0x00000000bc300000)
Event: 28.230 GC heap after
Heap after GC invocations=61 (full 35):
 PSYoungGen      total 233472K, used 17431K [0x00000000eaa80000, 0x0000000100000000, 0x0000000100000000)
  eden space 117248K, 0% used [0x00000000eaa80000,0x00000000eaa80000,0x00000000f1d00000)
  from space 116224K, 14% used [0x00000000f8e80000,0x00000000f9f85f28,0x0000000100000000)
  to   space 116224K, 0% used [0x00000000f1d00000,0x00000000f1d00000,0x00000000f8e80000)
 ParOldGen       total 698880K, used 668466K [0x00000000c0000000, 0x00000000eaa80000, 0x00000000eaa80000)
  object space 698880K, 95% used [0x00000000c0000000,0x00000000e8cccad8,0x00000000eaa80000)
 PSPermGen       total 21504K, used 6217K [0x00000000bae00000, 0x00000000bc300000, 0x00000000c0000000)
  object space 21504K, 28% used [0x00000000bae00000,0x00000000bb4127a0,0x00000000bc300000)
}
Event: 28.230 GC heap before
{Heap before GC invocations=62 (full 36):
 PSYoungGen      total 233472K, used 17431K [0x00000000eaa80000, 0x0000000100000000, 0x0000000100000000)
  eden space 117248K, 0% used [0x00000000eaa80000,0x00000000eaa80000,0x00000000f1d00000)
  from space 116224K, 14% used [0x00000000f8e80000,0x00000000f9f85f28,0x0000000100000000)
  to   space 116224K, 0% used [0x00000000f1d00000,0x00000000f1d00000,0x00000000f8e80000)
 ParOldGen       total 698880K, used 668466K [0x00000000c0000000, 0x00000000eaa80000, 0x00000000eaa80000)
  object space 698880K, 95% used [0x00000000c0000000,0x00000000e8cccad8,0x00000000eaa80000)
 PSPermGen       total 21504K, used 6217K [0x00000000bae00000, 0x00000000bc300000, 0x00000000c0000000)
  object space 21504K, 28% used [0x00000000bae00000,0x00000000bb4127a0,0x00000000bc300000)
Event: 28.905 GC heap after
Heap after GC invocations=62 (full 36):
 PSYoungGen      total 233472K, used 0K [0x00000000eaa80000, 0x0000000100000000, 0x0000000100000000)
  eden space 117248K, 0% used [0x00000000eaa80000,0x00000000eaa80000,0x00000000f1d00000)
  from space 116224K, 0% used [0x00000000f8e80000,0x00000000f8e80000,0x0000000100000000)
  to   space 116224K, 0% used [0x00000000f1d00000,0x00000000f1d00000,0x00000000f8e80000)
 ParOldGen       total 698880K, used 677616K [0x00000000c0000000, 0x00000000eaa80000, 0x00000000eaa80000)
  object space 698880K, 96% used [0x00000000c0000000,0x00000000e95bc268,0x00000000eaa80000)
 PSPermGen       total 21504K, used 6217K [0x00000000bae00000, 0x00000000bc300000, 0x00000000c0000000)
  object space 21504K, 28% used [0x00000000bae00000,0x00000000bb4127a0,0x00000000bc300000)
}

